<?xml version="1.0" encoding="UTF-8"?>
<testsuite name="com.kodilla.testing.collection.CollectionTestSuite" tests="5" skipped="0" failures="0" errors="0" timestamp="2018-07-18T20:30:30" hostname="Paweł" time="0.006">
  <properties/>
  <testcase name="testOddNumbersExterminatorEmptyList" classname="com.kodilla.testing.collection.CollectionTestSuite" time="0.003"/>
  <testcase name="testOddNumbersExterminatorNull" classname="com.kodilla.testing.collection.CollectionTestSuite" time="0.0"/>
  <testcase name="testOddNumbersExterminatorOnlyOddNumbersList" classname="com.kodilla.testing.collection.CollectionTestSuite" time="0.0"/>
  <testcase name="testOddNumbersExterminatorOddAndEvenNumbersList" classname="com.kodilla.testing.collection.CollectionTestSuite" time="0.0"/>
  <testcase name="testOddNumbersExterminatorOnlyEvenNumbersList" classname="com.kodilla.testing.collection.CollectionTestSuite" time="0.001"/>
  <system-out><![CDATA[Test Case OddNumbersExterminatorList: begin
Test Case OddNumbersExterminatorList: end
Test Case OddNumbersExterminatorList: begin
Test Case OddNumbersExterminatorList: end
Test Case OddNumbersExterminatorList: begin
Test Case OddNumbersExterminatorList: end
Test Case OddNumbersExterminatorList: begin
Test Case OddNumbersExterminatorList: end
Test Case OddNumbersExterminatorList: begin
Test Case OddNumbersExterminatorList: end
]]></system-out>
  <system-err><![CDATA[]]></system-err>
</testsuite>
